2019-04-16 00:10:37.978  INFO 29260 --- [main] com.santana.pocapi.PocApiApplication     : Starting PocApiApplication on NTCNOTE44 with PID 29260 (/home/regissantana/nt/pessoal/api-poc/target/classes started by regissantana in /home/regissantana/nt/pessoal/api-poc)
2019-04-16 00:10:38.050  INFO 29260 --- [main] com.santana.pocapi.PocApiApplication     : The following profiles are active: dev
2019-04-16 00:10:40.157  INFO 29260 --- [main] .s.d.r.c.RepositoryConfigurationDelegate : Bootstrapping Spring Data repositories in DEFAULT mode.
2019-04-16 00:10:40.357  INFO 29260 --- [main] .s.d.r.c.RepositoryConfigurationDelegate : Finished Spring Data repository scanning in 188ms. Found 4 repository interfaces.
2019-04-16 00:10:40.798  INFO 29260 --- [main] trationDelegate$BeanPostProcessorChecker : Bean 'org.springframework.transaction.annotation.ProxyTransactionManagementConfiguration' of type [org.springframework.transaction.annotation.ProxyTransactionManagementConfiguration$$EnhancerBySpringCGLIB$$2f7d1d4e] is not eligible for getting processed by all BeanPostProcessors (for example: not eligible for auto-proxying)
2019-04-16 00:10:41.180  INFO 29260 --- [main] o.s.b.w.embedded.tomcat.TomcatWebServer  : Tomcat initialized with port(s): 8081 (http)
2019-04-16 00:10:41.203  INFO 29260 --- [main] o.apache.catalina.core.StandardService   : Starting service [Tomcat]
2019-04-16 00:10:41.204  INFO 29260 --- [main] org.apache.catalina.core.StandardEngine  : Starting Servlet Engine: Apache Tomcat/9.0.13
2019-04-16 00:10:41.210  INFO 29260 --- [main] o.a.catalina.core.AprLifecycleListener   : The APR based Apache Tomcat Native library which allows optimal performance in production environments was not found on the java.library.path: [/usr/java/packages/lib/amd64:/usr/lib64:/lib64:/lib:/usr/lib]
2019-04-16 00:10:41.307  INFO 29260 --- [main] o.a.c.c.C.[.[localhost].[/poc-api]       : Initializing Spring embedded WebApplicationContext
2019-04-16 00:10:41.307  INFO 29260 --- [main] o.s.web.context.ContextLoader            : Root WebApplicationContext: initialization completed in 3047 ms
2019-04-16 00:10:41.513  INFO 29260 --- [main] com.zaxxer.hikari.HikariDataSource       : HikariPool-1 - Starting...
2019-04-16 00:10:41.797  INFO 29260 --- [main] com.zaxxer.hikari.HikariDataSource       : HikariPool-1 - Start completed.
2019-04-16 00:10:41.847  INFO 29260 --- [main] o.hibernate.jpa.internal.util.LogHelper  : HHH000204: Processing PersistenceUnitInfo [
	name: default
	...]
2019-04-16 00:10:41.909  INFO 29260 --- [main] org.hibernate.Version                    : HHH000412: Hibernate Core {5.3.7.Final}
2019-04-16 00:10:41.911  INFO 29260 --- [main] org.hibernate.cfg.Environment            : HHH000206: hibernate.properties not found
2019-04-16 00:10:42.037  INFO 29260 --- [main] o.hibernate.annotations.common.Version   : HCANN000001: Hibernate Commons Annotations {5.0.4.Final}
2019-04-16 00:10:42.177  INFO 29260 --- [main] org.hibernate.dialect.Dialect            : HHH000400: Using dialect: org.hibernate.dialect.MySQL5InnoDBDialect
2019-04-16 00:10:42.194  INFO 29260 --- [main] o.h.e.j.e.i.LobCreatorBuilderImpl        : HHH000422: Disabling contextual LOB creation as connection was null
2019-04-16 00:10:42.900  WARN 29260 --- [main] o.h.t.s.i.ExceptionHandlerLoggedImpl     : GenerationTarget encountered exception accepting command : Error executing DDL "alter table endereco drop foreign key FKn1l2g0b74rqd9ywu29sva9sy9" via JDBC Statement

org.hibernate.tool.schema.spi.CommandAcceptanceException: Error executing DDL "alter table endereco drop foreign key FKn1l2g0b74rqd9ywu29sva9sy9" via JDBC Statement
	at org.hibernate.tool.schema.internal.exec.GenerationTargetToDatabase.accept(GenerationTargetToDatabase.java:67) ~[hibernate-core-5.3.7.Final.jar:5.3.7.Final]
	at org.hibernate.tool.schema.internal.SchemaDropperImpl.applySqlString(SchemaDropperImpl.java:375) [hibernate-core-5.3.7.Final.jar:5.3.7.Final]
	at org.hibernate.tool.schema.internal.SchemaDropperImpl.applySqlStrings(SchemaDropperImpl.java:359) [hibernate-core-5.3.7.Final.jar:5.3.7.Final]
	at org.hibernate.tool.schema.internal.SchemaDropperImpl.applyConstraintDropping(SchemaDropperImpl.java:331) [hibernate-core-5.3.7.Final.jar:5.3.7.Final]
	at org.hibernate.tool.schema.internal.SchemaDropperImpl.dropFromMetadata(SchemaDropperImpl.java:230) [hibernate-core-5.3.7.Final.jar:5.3.7.Final]
	at org.hibernate.tool.schema.internal.SchemaDropperImpl.performDrop(SchemaDropperImpl.java:154) [hibernate-core-5.3.7.Final.jar:5.3.7.Final]
	at org.hibernate.tool.schema.internal.SchemaDropperImpl.doDrop(SchemaDropperImpl.java:126) [hibernate-core-5.3.7.Final.jar:5.3.7.Final]
	at org.hibernate.tool.schema.internal.SchemaDropperImpl.doDrop(SchemaDropperImpl.java:112) [hibernate-core-5.3.7.Final.jar:5.3.7.Final]
	at org.hibernate.tool.schema.spi.SchemaManagementToolCoordinator.performDatabaseAction(SchemaManagementToolCoordinator.java:144) [hibernate-core-5.3.7.Final.jar:5.3.7.Final]
	at org.hibernate.tool.schema.spi.SchemaManagementToolCoordinator.process(SchemaManagementToolCoordinator.java:72) [hibernate-core-5.3.7.Final.jar:5.3.7.Final]
	at org.hibernate.internal.SessionFactoryImpl.<init>(SessionFactoryImpl.java:310) [hibernate-core-5.3.7.Final.jar:5.3.7.Final]
	at org.hibernate.boot.internal.SessionFactoryBuilderImpl.build(SessionFactoryBuilderImpl.java:467) [hibernate-core-5.3.7.Final.jar:5.3.7.Final]
	at org.hibernate.jpa.boot.internal.EntityManagerFactoryBuilderImpl.build(EntityManagerFactoryBuilderImpl.java:939) [hibernate-core-5.3.7.Final.jar:5.3.7.Final]
	at org.springframework.orm.jpa.vendor.SpringHibernateJpaPersistenceProvider.createContainerEntityManagerFactory(SpringHibernateJpaPersistenceProvider.java:57) [spring-orm-5.1.3.RELEASE.jar:5.1.3.RELEASE]
	at org.springframework.orm.jpa.LocalContainerEntityManagerFactoryBean.createNativeEntityManagerFactory(LocalContainerEntityManagerFactoryBean.java:365) [spring-orm-5.1.3.RELEASE.jar:5.1.3.RELEASE]
	at org.springframework.orm.jpa.AbstractEntityManagerFactoryBean.buildNativeEntityManagerFactory(AbstractEntityManagerFactoryBean.java:390) [spring-orm-5.1.3.RELEASE.jar:5.1.3.RELEASE]
	at org.springframework.orm.jpa.AbstractEntityManagerFactoryBean.afterPropertiesSet(AbstractEntityManagerFactoryBean.java:377) [spring-orm-5.1.3.RELEASE.jar:5.1.3.RELEASE]
	at org.springframework.orm.jpa.LocalContainerEntityManagerFactoryBean.afterPropertiesSet(LocalContainerEntityManagerFactoryBean.java:341) [spring-orm-5.1.3.RELEASE.jar:5.1.3.RELEASE]
	at org.springframework.beans.factory.support.AbstractAutowireCapableBeanFactory.invokeInitMethods(AbstractAutowireCapableBeanFactory.java:1804) [spring-beans-5.1.3.RELEASE.jar:5.1.3.RELEASE]
	at org.springframework.beans.factory.support.AbstractAutowireCapableBeanFactory.initializeBean(AbstractAutowireCapableBeanFactory.java:1741) [spring-beans-5.1.3.RELEASE.jar:5.1.3.RELEASE]
	at org.springframework.beans.factory.support.AbstractAutowireCapableBeanFactory.doCreateBean(AbstractAutowireCapableBeanFactory.java:576) [spring-beans-5.1.3.RELEASE.jar:5.1.3.RELEASE]
	at org.springframework.beans.factory.support.AbstractAutowireCapableBeanFactory.createBean(AbstractAutowireCapableBeanFactory.java:498) [spring-beans-5.1.3.RELEASE.jar:5.1.3.RELEASE]
	at org.springframework.beans.factory.support.AbstractBeanFactory.lambda$doGetBean$0(AbstractBeanFactory.java:320) [spring-beans-5.1.3.RELEASE.jar:5.1.3.RELEASE]
	at org.springframework.beans.factory.support.DefaultSingletonBeanRegistry.getSingleton(DefaultSingletonBeanRegistry.java:222) ~[spring-beans-5.1.3.RELEASE.jar:5.1.3.RELEASE]
	at org.springframework.beans.factory.support.AbstractBeanFactory.doGetBean(AbstractBeanFactory.java:318) [spring-beans-5.1.3.RELEASE.jar:5.1.3.RELEASE]
	at org.springframework.beans.factory.support.AbstractBeanFactory.getBean(AbstractBeanFactory.java:199) [spring-beans-5.1.3.RELEASE.jar:5.1.3.RELEASE]
	at org.springframework.context.support.AbstractApplicationContext.getBean(AbstractApplicationContext.java:1083) ~[spring-context-5.1.3.RELEASE.jar:5.1.3.RELEASE]
	at org.springframework.context.support.AbstractApplicationContext.finishBeanFactoryInitialization(AbstractApplicationContext.java:853) ~[spring-context-5.1.3.RELEASE.jar:5.1.3.RELEASE]
	at org.springframework.context.support.AbstractApplicationContext.refresh(AbstractApplicationContext.java:546) ~[spring-context-5.1.3.RELEASE.jar:5.1.3.RELEASE]
	at org.springframework.boot.web.servlet.context.ServletWebServerApplicationContext.refresh(ServletWebServerApplicationContext.java:142) ~[spring-boot-2.1.1.RELEASE.jar:2.1.1.RELEASE]
	at org.springframework.boot.SpringApplication.refresh(SpringApplication.java:775) ~[spring-boot-2.1.1.RELEASE.jar:2.1.1.RELEASE]
	at org.springframework.boot.SpringApplication.refreshContext(SpringApplication.java:397) ~[spring-boot-2.1.1.RELEASE.jar:2.1.1.RELEASE]
	at org.springframework.boot.SpringApplication.run(SpringApplication.java:316) ~[spring-boot-2.1.1.RELEASE.jar:2.1.1.RELEASE]
	at org.springframework.boot.SpringApplication.run(SpringApplication.java:1260) ~[spring-boot-2.1.1.RELEASE.jar:2.1.1.RELEASE]
	at org.springframework.boot.SpringApplication.run(SpringApplication.java:1248) ~[spring-boot-2.1.1.RELEASE.jar:2.1.1.RELEASE]
	at com.santana.pocapi.PocApiApplication.main(PocApiApplication.java:11) ~[classes/:na]
Caused by: org.h2.jdbc.JdbcSQLException: Table "ENDERECO" not found; SQL statement:
alter table endereco drop foreign key FKn1l2g0b74rqd9ywu29sva9sy9 [42102-197]
	at org.h2.message.DbException.getJdbcSQLException(DbException.java:357) ~[h2-1.4.197.jar:1.4.197]
	at org.h2.message.DbException.get(DbException.java:179) ~[h2-1.4.197.jar:1.4.197]
	at org.h2.message.DbException.get(DbException.java:155) ~[h2-1.4.197.jar:1.4.197]
	at org.h2.command.Parser.tableIfTableExists(Parser.java:6275) ~[h2-1.4.197.jar:1.4.197]
	at org.h2.command.Parser.commandIfTableExists(Parser.java:6288) ~[h2-1.4.197.jar:1.4.197]
	at org.h2.command.Parser.parseAlterTable(Parser.java:6051) ~[h2-1.4.197.jar:1.4.197]
	at org.h2.command.Parser.parseAlter(Parser.java:5373) ~[h2-1.4.197.jar:1.4.197]
	at org.h2.command.Parser.parsePrepared(Parser.java:362) ~[h2-1.4.197.jar:1.4.197]
	at org.h2.command.Parser.parse(Parser.java:335) ~[h2-1.4.197.jar:1.4.197]
	at org.h2.command.Parser.parse(Parser.java:307) ~[h2-1.4.197.jar:1.4.197]
	at org.h2.command.Parser.prepareCommand(Parser.java:278) ~[h2-1.4.197.jar:1.4.197]
	at org.h2.engine.Session.prepareLocal(Session.java:611) ~[h2-1.4.197.jar:1.4.197]
	at org.h2.engine.Session.prepareCommand(Session.java:549) ~[h2-1.4.197.jar:1.4.197]
	at org.h2.jdbc.JdbcConnection.prepareCommand(JdbcConnection.java:1247) ~[h2-1.4.197.jar:1.4.197]
	at org.h2.jdbc.JdbcStatement.executeInternal(JdbcStatement.java:217) ~[h2-1.4.197.jar:1.4.197]
	at org.h2.jdbc.JdbcStatement.execute(JdbcStatement.java:205) ~[h2-1.4.197.jar:1.4.197]
	at com.zaxxer.hikari.pool.ProxyStatement.execute(ProxyStatement.java:95) ~[HikariCP-3.2.0.jar:na]
	at com.zaxxer.hikari.pool.HikariProxyStatement.execute(HikariProxyStatement.java) ~[HikariCP-3.2.0.jar:na]
	at org.hibernate.tool.schema.internal.exec.GenerationTargetToDatabase.accept(GenerationTargetToDatabase.java:54) ~[hibernate-core-5.3.7.Final.jar:5.3.7.Final]
	... 35 common frames omitted

2019-04-16 00:10:42.902  WARN 29260 --- [main] o.h.t.s.i.ExceptionHandlerLoggedImpl     : GenerationTarget encountered exception accepting command : Error executing DDL "alter table pessoa drop foreign key FKdlajb93ifjvjmg3w1bbrdm6g3" via JDBC Statement

org.hibernate.tool.schema.spi.CommandAcceptanceException: Error executing DDL "alter table pessoa drop foreign key FKdlajb93ifjvjmg3w1bbrdm6g3" via JDBC Statement
	at org.hibernate.tool.schema.internal.exec.GenerationTargetToDatabase.accept(GenerationTargetToDatabase.java:67) ~[hibernate-core-5.3.7.Final.jar:5.3.7.Final]
	at org.hibernate.tool.schema.internal.SchemaDropperImpl.applySqlString(SchemaDropperImpl.java:375) [hibernate-core-5.3.7.Final.jar:5.3.7.Final]
	at org.hibernate.tool.schema.internal.SchemaDropperImpl.applySqlStrings(SchemaDropperImpl.java:359) [hibernate-core-5.3.7.Final.jar:5.3.7.Final]
	at org.hibernate.tool.schema.internal.SchemaDropperImpl.applyConstraintDropping(SchemaDropperImpl.java:331) [hibernate-core-5.3.7.Final.jar:5.3.7.Final]
	at org.hibernate.tool.schema.internal.SchemaDropperImpl.dropFromMetadata(SchemaDropperImpl.java:230) [hibernate-core-5.3.7.Final.jar:5.3.7.Final]
	at org.hibernate.tool.schema.internal.SchemaDropperImpl.performDrop(SchemaDropperImpl.java:154) [hibernate-core-5.3.7.Final.jar:5.3.7.Final]
	at org.hibernate.tool.schema.internal.SchemaDropperImpl.doDrop(SchemaDropperImpl.java:126) [hibernate-core-5.3.7.Final.jar:5.3.7.Final]
	at org.hibernate.tool.schema.internal.SchemaDropperImpl.doDrop(SchemaDropperImpl.java:112) [hibernate-core-5.3.7.Final.jar:5.3.7.Final]
	at org.hibernate.tool.schema.spi.SchemaManagementToolCoordinator.performDatabaseAction(SchemaManagementToolCoordinator.java:144) [hibernate-core-5.3.7.Final.jar:5.3.7.Final]
	at org.hibernate.tool.schema.spi.SchemaManagementToolCoordinator.process(SchemaManagementToolCoordinator.java:72) [hibernate-core-5.3.7.Final.jar:5.3.7.Final]
	at org.hibernate.internal.SessionFactoryImpl.<init>(SessionFactoryImpl.java:310) [hibernate-core-5.3.7.Final.jar:5.3.7.Final]
	at org.hibernate.boot.internal.SessionFactoryBuilderImpl.build(SessionFactoryBuilderImpl.java:467) [hibernate-core-5.3.7.Final.jar:5.3.7.Final]
	at org.hibernate.jpa.boot.internal.EntityManagerFactoryBuilderImpl.build(EntityManagerFactoryBuilderImpl.java:939) [hibernate-core-5.3.7.Final.jar:5.3.7.Final]
	at org.springframework.orm.jpa.vendor.SpringHibernateJpaPersistenceProvider.createContainerEntityManagerFactory(SpringHibernateJpaPersistenceProvider.java:57) [spring-orm-5.1.3.RELEASE.jar:5.1.3.RELEASE]
	at org.springframework.orm.jpa.LocalContainerEntityManagerFactoryBean.createNativeEntityManagerFactory(LocalContainerEntityManagerFactoryBean.java:365) [spring-orm-5.1.3.RELEASE.jar:5.1.3.RELEASE]
	at org.springframework.orm.jpa.AbstractEntityManagerFactoryBean.buildNativeEntityManagerFactory(AbstractEntityManagerFactoryBean.java:390) [spring-orm-5.1.3.RELEASE.jar:5.1.3.RELEASE]
	at org.springframework.orm.jpa.AbstractEntityManagerFactoryBean.afterPropertiesSet(AbstractEntityManagerFactoryBean.java:377) [spring-orm-5.1.3.RELEASE.jar:5.1.3.RELEASE]
	at org.springframework.orm.jpa.LocalContainerEntityManagerFactoryBean.afterPropertiesSet(LocalContainerEntityManagerFactoryBean.java:341) [spring-orm-5.1.3.RELEASE.jar:5.1.3.RELEASE]
	at org.springframework.beans.factory.support.AbstractAutowireCapableBeanFactory.invokeInitMethods(AbstractAutowireCapableBeanFactory.java:1804) [spring-beans-5.1.3.RELEASE.jar:5.1.3.RELEASE]
	at org.springframework.beans.factory.support.AbstractAutowireCapableBeanFactory.initializeBean(AbstractAutowireCapableBeanFactory.java:1741) [spring-beans-5.1.3.RELEASE.jar:5.1.3.RELEASE]
	at org.springframework.beans.factory.support.AbstractAutowireCapableBeanFactory.doCreateBean(AbstractAutowireCapableBeanFactory.java:576) [spring-beans-5.1.3.RELEASE.jar:5.1.3.RELEASE]
	at org.springframework.beans.factory.support.AbstractAutowireCapableBeanFactory.createBean(AbstractAutowireCapableBeanFactory.java:498) [spring-beans-5.1.3.RELEASE.jar:5.1.3.RELEASE]
	at org.springframework.beans.factory.support.AbstractBeanFactory.lambda$doGetBean$0(AbstractBeanFactory.java:320) [spring-beans-5.1.3.RELEASE.jar:5.1.3.RELEASE]
	at org.springframework.beans.factory.support.DefaultSingletonBeanRegistry.getSingleton(DefaultSingletonBeanRegistry.java:222) ~[spring-beans-5.1.3.RELEASE.jar:5.1.3.RELEASE]
	at org.springframework.beans.factory.support.AbstractBeanFactory.doGetBean(AbstractBeanFactory.java:318) [spring-beans-5.1.3.RELEASE.jar:5.1.3.RELEASE]
	at org.springframework.beans.factory.support.AbstractBeanFactory.getBean(AbstractBeanFactory.java:199) [spring-beans-5.1.3.RELEASE.jar:5.1.3.RELEASE]
	at org.springframework.context.support.AbstractApplicationContext.getBean(AbstractApplicationContext.java:1083) ~[spring-context-5.1.3.RELEASE.jar:5.1.3.RELEASE]
	at org.springframework.context.support.AbstractApplicationContext.finishBeanFactoryInitialization(AbstractApplicationContext.java:853) ~[spring-context-5.1.3.RELEASE.jar:5.1.3.RELEASE]
	at org.springframework.context.support.AbstractApplicationContext.refresh(AbstractApplicationContext.java:546) ~[spring-context-5.1.3.RELEASE.jar:5.1.3.RELEASE]
	at org.springframework.boot.web.servlet.context.ServletWebServerApplicationContext.refresh(ServletWebServerApplicationContext.java:142) ~[spring-boot-2.1.1.RELEASE.jar:2.1.1.RELEASE]
	at org.springframework.boot.SpringApplication.refresh(SpringApplication.java:775) ~[spring-boot-2.1.1.RELEASE.jar:2.1.1.RELEASE]
	at org.springframework.boot.SpringApplication.refreshContext(SpringApplication.java:397) ~[spring-boot-2.1.1.RELEASE.jar:2.1.1.RELEASE]
	at org.springframework.boot.SpringApplication.run(SpringApplication.java:316) ~[spring-boot-2.1.1.RELEASE.jar:2.1.1.RELEASE]
	at org.springframework.boot.SpringApplication.run(SpringApplication.java:1260) ~[spring-boot-2.1.1.RELEASE.jar:2.1.1.RELEASE]
	at org.springframework.boot.SpringApplication.run(SpringApplication.java:1248) ~[spring-boot-2.1.1.RELEASE.jar:2.1.1.RELEASE]
	at com.santana.pocapi.PocApiApplication.main(PocApiApplication.java:11) ~[classes/:na]
Caused by: org.h2.jdbc.JdbcSQLException: Table "PESSOA" not found; SQL statement:
alter table pessoa drop foreign key FKdlajb93ifjvjmg3w1bbrdm6g3 [42102-197]
	at org.h2.message.DbException.getJdbcSQLException(DbException.java:357) ~[h2-1.4.197.jar:1.4.197]
	at org.h2.message.DbException.get(DbException.java:179) ~[h2-1.4.197.jar:1.4.197]
	at org.h2.message.DbException.get(DbException.java:155) ~[h2-1.4.197.jar:1.4.197]
	at org.h2.command.Parser.tableIfTableExists(Parser.java:6275) ~[h2-1.4.197.jar:1.4.197]
	at org.h2.command.Parser.commandIfTableExists(Parser.java:6288) ~[h2-1.4.197.jar:1.4.197]
	at org.h2.command.Parser.parseAlterTable(Parser.java:6051) ~[h2-1.4.197.jar:1.4.197]
	at org.h2.command.Parser.parseAlter(Parser.java:5373) ~[h2-1.4.197.jar:1.4.197]
	at org.h2.command.Parser.parsePrepared(Parser.java:362) ~[h2-1.4.197.jar:1.4.197]
	at org.h2.command.Parser.parse(Parser.java:335) ~[h2-1.4.197.jar:1.4.197]
	at org.h2.command.Parser.parse(Parser.java:307) ~[h2-1.4.197.jar:1.4.197]
	at org.h2.command.Parser.prepareCommand(Parser.java:278) ~[h2-1.4.197.jar:1.4.197]
	at org.h2.engine.Session.prepareLocal(Session.java:611) ~[h2-1.4.197.jar:1.4.197]
	at org.h2.engine.Session.prepareCommand(Session.java:549) ~[h2-1.4.197.jar:1.4.197]
	at org.h2.jdbc.JdbcConnection.prepareCommand(JdbcConnection.java:1247) ~[h2-1.4.197.jar:1.4.197]
	at org.h2.jdbc.JdbcStatement.executeInternal(JdbcStatement.java:217) ~[h2-1.4.197.jar:1.4.197]
	at org.h2.jdbc.JdbcStatement.execute(JdbcStatement.java:205) ~[h2-1.4.197.jar:1.4.197]
	at com.zaxxer.hikari.pool.ProxyStatement.execute(ProxyStatement.java:95) ~[HikariCP-3.2.0.jar:na]
	at com.zaxxer.hikari.pool.HikariProxyStatement.execute(HikariProxyStatement.java) ~[HikariCP-3.2.0.jar:na]
	at org.hibernate.tool.schema.internal.exec.GenerationTargetToDatabase.accept(GenerationTargetToDatabase.java:54) ~[hibernate-core-5.3.7.Final.jar:5.3.7.Final]
	... 35 common frames omitted

2019-04-16 00:10:42.904  WARN 29260 --- [main] o.h.t.s.i.ExceptionHandlerLoggedImpl     : GenerationTarget encountered exception accepting command : Error executing DDL "alter table profissao drop foreign key FKmd79pbs144w99s5esajw6pfnq" via JDBC Statement

org.hibernate.tool.schema.spi.CommandAcceptanceException: Error executing DDL "alter table profissao drop foreign key FKmd79pbs144w99s5esajw6pfnq" via JDBC Statement
	at org.hibernate.tool.schema.internal.exec.GenerationTargetToDatabase.accept(GenerationTargetToDatabase.java:67) ~[hibernate-core-5.3.7.Final.jar:5.3.7.Final]
	at org.hibernate.tool.schema.internal.SchemaDropperImpl.applySqlString(SchemaDropperImpl.java:375) [hibernate-core-5.3.7.Final.jar:5.3.7.Final]
	at org.hibernate.tool.schema.internal.SchemaDropperImpl.applySqlStrings(SchemaDropperImpl.java:359) [hibernate-core-5.3.7.Final.jar:5.3.7.Final]
	at org.hibernate.tool.schema.internal.SchemaDropperImpl.applyConstraintDropping(SchemaDropperImpl.java:331) [hibernate-core-5.3.7.Final.jar:5.3.7.Final]
	at org.hibernate.tool.schema.internal.SchemaDropperImpl.dropFromMetadata(SchemaDropperImpl.java:230) [hibernate-core-5.3.7.Final.jar:5.3.7.Final]
	at org.hibernate.tool.schema.internal.SchemaDropperImpl.performDrop(SchemaDropperImpl.java:154) [hibernate-core-5.3.7.Final.jar:5.3.7.Final]
	at org.hibernate.tool.schema.internal.SchemaDropperImpl.doDrop(SchemaDropperImpl.java:126) [hibernate-core-5.3.7.Final.jar:5.3.7.Final]
	at org.hibernate.tool.schema.internal.SchemaDropperImpl.doDrop(SchemaDropperImpl.java:112) [hibernate-core-5.3.7.Final.jar:5.3.7.Final]
	at org.hibernate.tool.schema.spi.SchemaManagementToolCoordinator.performDatabaseAction(SchemaManagementToolCoordinator.java:144) [hibernate-core-5.3.7.Final.jar:5.3.7.Final]
	at org.hibernate.tool.schema.spi.SchemaManagementToolCoordinator.process(SchemaManagementToolCoordinator.java:72) [hibernate-core-5.3.7.Final.jar:5.3.7.Final]
	at org.hibernate.internal.SessionFactoryImpl.<init>(SessionFactoryImpl.java:310) [hibernate-core-5.3.7.Final.jar:5.3.7.Final]
	at org.hibernate.boot.internal.SessionFactoryBuilderImpl.build(SessionFactoryBuilderImpl.java:467) [hibernate-core-5.3.7.Final.jar:5.3.7.Final]
	at org.hibernate.jpa.boot.internal.EntityManagerFactoryBuilderImpl.build(EntityManagerFactoryBuilderImpl.java:939) [hibernate-core-5.3.7.Final.jar:5.3.7.Final]
	at org.springframework.orm.jpa.vendor.SpringHibernateJpaPersistenceProvider.createContainerEntityManagerFactory(SpringHibernateJpaPersistenceProvider.java:57) [spring-orm-5.1.3.RELEASE.jar:5.1.3.RELEASE]
	at org.springframework.orm.jpa.LocalContainerEntityManagerFactoryBean.createNativeEntityManagerFactory(LocalContainerEntityManagerFactoryBean.java:365) [spring-orm-5.1.3.RELEASE.jar:5.1.3.RELEASE]
	at org.springframework.orm.jpa.AbstractEntityManagerFactoryBean.buildNativeEntityManagerFactory(AbstractEntityManagerFactoryBean.java:390) [spring-orm-5.1.3.RELEASE.jar:5.1.3.RELEASE]
	at org.springframework.orm.jpa.AbstractEntityManagerFactoryBean.afterPropertiesSet(AbstractEntityManagerFactoryBean.java:377) [spring-orm-5.1.3.RELEASE.jar:5.1.3.RELEASE]
	at org.springframework.orm.jpa.LocalContainerEntityManagerFactoryBean.afterPropertiesSet(LocalContainerEntityManagerFactoryBean.java:341) [spring-orm-5.1.3.RELEASE.jar:5.1.3.RELEASE]
	at org.springframework.beans.factory.support.AbstractAutowireCapableBeanFactory.invokeInitMethods(AbstractAutowireCapableBeanFactory.java:1804) [spring-beans-5.1.3.RELEASE.jar:5.1.3.RELEASE]
	at org.springframework.beans.factory.support.AbstractAutowireCapableBeanFactory.initializeBean(AbstractAutowireCapableBeanFactory.java:1741) [spring-beans-5.1.3.RELEASE.jar:5.1.3.RELEASE]
	at org.springframework.beans.factory.support.AbstractAutowireCapableBeanFactory.doCreateBean(AbstractAutowireCapableBeanFactory.java:576) [spring-beans-5.1.3.RELEASE.jar:5.1.3.RELEASE]
	at org.springframework.beans.factory.support.AbstractAutowireCapableBeanFactory.createBean(AbstractAutowireCapableBeanFactory.java:498) [spring-beans-5.1.3.RELEASE.jar:5.1.3.RELEASE]
	at org.springframework.beans.factory.support.AbstractBeanFactory.lambda$doGetBean$0(AbstractBeanFactory.java:320) [spring-beans-5.1.3.RELEASE.jar:5.1.3.RELEASE]
	at org.springframework.beans.factory.support.DefaultSingletonBeanRegistry.getSingleton(DefaultSingletonBeanRegistry.java:222) ~[spring-beans-5.1.3.RELEASE.jar:5.1.3.RELEASE]
	at org.springframework.beans.factory.support.AbstractBeanFactory.doGetBean(AbstractBeanFactory.java:318) [spring-beans-5.1.3.RELEASE.jar:5.1.3.RELEASE]
	at org.springframework.beans.factory.support.AbstractBeanFactory.getBean(AbstractBeanFactory.java:199) [spring-beans-5.1.3.RELEASE.jar:5.1.3.RELEASE]
	at org.springframework.context.support.AbstractApplicationContext.getBean(AbstractApplicationContext.java:1083) ~[spring-context-5.1.3.RELEASE.jar:5.1.3.RELEASE]
	at org.springframework.context.support.AbstractApplicationContext.finishBeanFactoryInitialization(AbstractApplicationContext.java:853) ~[spring-context-5.1.3.RELEASE.jar:5.1.3.RELEASE]
	at org.springframework.context.support.AbstractApplicationContext.refresh(AbstractApplicationContext.java:546) ~[spring-context-5.1.3.RELEASE.jar:5.1.3.RELEASE]
	at org.springframework.boot.web.servlet.context.ServletWebServerApplicationContext.refresh(ServletWebServerApplicationContext.java:142) ~[spring-boot-2.1.1.RELEASE.jar:2.1.1.RELEASE]
	at org.springframework.boot.SpringApplication.refresh(SpringApplication.java:775) ~[spring-boot-2.1.1.RELEASE.jar:2.1.1.RELEASE]
	at org.springframework.boot.SpringApplication.refreshContext(SpringApplication.java:397) ~[spring-boot-2.1.1.RELEASE.jar:2.1.1.RELEASE]
	at org.springframework.boot.SpringApplication.run(SpringApplication.java:316) ~[spring-boot-2.1.1.RELEASE.jar:2.1.1.RELEASE]
	at org.springframework.boot.SpringApplication.run(SpringApplication.java:1260) ~[spring-boot-2.1.1.RELEASE.jar:2.1.1.RELEASE]
	at org.springframework.boot.SpringApplication.run(SpringApplication.java:1248) ~[spring-boot-2.1.1.RELEASE.jar:2.1.1.RELEASE]
	at com.santana.pocapi.PocApiApplication.main(PocApiApplication.java:11) ~[classes/:na]
Caused by: org.h2.jdbc.JdbcSQLException: Table "PROFISSAO" not found; SQL statement:
alter table profissao drop foreign key FKmd79pbs144w99s5esajw6pfnq [42102-197]
	at org.h2.message.DbException.getJdbcSQLException(DbException.java:357) ~[h2-1.4.197.jar:1.4.197]
	at org.h2.message.DbException.get(DbException.java:179) ~[h2-1.4.197.jar:1.4.197]
	at org.h2.message.DbException.get(DbException.java:155) ~[h2-1.4.197.jar:1.4.197]
	at org.h2.command.Parser.tableIfTableExists(Parser.java:6275) ~[h2-1.4.197.jar:1.4.197]
	at org.h2.command.Parser.commandIfTableExists(Parser.java:6288) ~[h2-1.4.197.jar:1.4.197]
	at org.h2.command.Parser.parseAlterTable(Parser.java:6051) ~[h2-1.4.197.jar:1.4.197]
	at org.h2.command.Parser.parseAlter(Parser.java:5373) ~[h2-1.4.197.jar:1.4.197]
	at org.h2.command.Parser.parsePrepared(Parser.java:362) ~[h2-1.4.197.jar:1.4.197]
	at org.h2.command.Parser.parse(Parser.java:335) ~[h2-1.4.197.jar:1.4.197]
	at org.h2.command.Parser.parse(Parser.java:307) ~[h2-1.4.197.jar:1.4.197]
	at org.h2.command.Parser.prepareCommand(Parser.java:278) ~[h2-1.4.197.jar:1.4.197]
	at org.h2.engine.Session.prepareLocal(Session.java:611) ~[h2-1.4.197.jar:1.4.197]
	at org.h2.engine.Session.prepareCommand(Session.java:549) ~[h2-1.4.197.jar:1.4.197]
	at org.h2.jdbc.JdbcConnection.prepareCommand(JdbcConnection.java:1247) ~[h2-1.4.197.jar:1.4.197]
	at org.h2.jdbc.JdbcStatement.executeInternal(JdbcStatement.java:217) ~[h2-1.4.197.jar:1.4.197]
	at org.h2.jdbc.JdbcStatement.execute(JdbcStatement.java:205) ~[h2-1.4.197.jar:1.4.197]
	at com.zaxxer.hikari.pool.ProxyStatement.execute(ProxyStatement.java:95) ~[HikariCP-3.2.0.jar:na]
	at com.zaxxer.hikari.pool.HikariProxyStatement.execute(HikariProxyStatement.java) ~[HikariCP-3.2.0.jar:na]
	at org.hibernate.tool.schema.internal.exec.GenerationTargetToDatabase.accept(GenerationTargetToDatabase.java:54) ~[hibernate-core-5.3.7.Final.jar:5.3.7.Final]
	... 35 common frames omitted

2019-04-16 00:10:42.953  INFO 29260 --- [main] o.h.t.schema.internal.SchemaCreatorImpl  : HHH000476: Executing import script 'org.hibernate.tool.schema.internal.exec.ScriptSourceInputNonExistentImpl@7caf1e5'
2019-04-16 00:10:42.957  INFO 29260 --- [main] j.LocalContainerEntityManagerFactoryBean : Initialized JPA EntityManagerFactory for persistence unit 'default'
2019-04-16 00:10:43.707  WARN 29260 --- [main] aWebConfiguration$JpaWebMvcConfiguration : spring.jpa.open-in-view is enabled by default. Therefore, database queries may be performed during view rendering. Explicitly configure spring.jpa.open-in-view to disable this warning
2019-04-16 00:10:43.780  WARN 29260 --- [main] ConfigServletWebServerApplicationContext : Exception encountered during context initialization - cancelling refresh attempt: org.springframework.beans.factory.UnsatisfiedDependencyException: Error creating bean with name 'documentationPluginsBootstrapper' defined in URL [jar:file:/home/regissantana/.m2/repository/io/springfox/springfox-spring-web/2.9.2/springfox-spring-web-2.9.2.jar!/springfox/documentation/spring/web/plugins/DocumentationPluginsBootstrapper.class]: Unsatisfied dependency expressed through constructor parameter 1; nested exception is org.springframework.beans.factory.UnsatisfiedDependencyException: Error creating bean with name 'webMvcRequestHandlerProvider' defined in URL [jar:file:/home/regissantana/.m2/repository/io/springfox/springfox-spring-web/2.9.2/springfox-spring-web-2.9.2.jar!/springfox/documentation/spring/web/plugins/WebMvcRequestHandlerProvider.class]: Unsatisfied dependency expressed through constructor parameter 1; nested exception is org.springframework.beans.factory.BeanCreationException: Error creating bean with name 'requestMappingHandlerMapping' defined in class path resource [org/springframework/boot/autoconfigure/web/servlet/WebMvcAutoConfiguration$EnableWebMvcConfiguration.class]: Invocation of init method failed; nested exception is java.lang.IllegalStateException: Ambiguous mapping. Cannot map 'profissaoResource' method 
public org.springframework.http.ResponseEntity<com.santana.pocapi.service.dto.ProfissaoDTO> com.santana.pocapi.rest.ProfissaoResource.createProfissao(com.santana.pocapi.service.dto.ProfissaoDTO) throws java.lang.Exception
to {POST /api/produto}: There is already 'produtoResource' bean method
public org.springframework.http.ResponseEntity<com.santana.pocapi.service.dto.ProdutoDTO> com.santana.pocapi.rest.ProdutoResource.createProduto(com.santana.pocapi.service.dto.ProdutoDTO) throws java.lang.Exception mapped.
2019-04-16 00:10:43.783  INFO 29260 --- [main] j.LocalContainerEntityManagerFactoryBean : Closing JPA EntityManagerFactory for persistence unit 'default'
2019-04-16 00:10:43.784  INFO 29260 --- [main] .SchemaDropperImpl$DelayedDropActionImpl : HHH000477: Starting delayed evictData of schema as part of SessionFactory shut-down'
2019-04-16 00:10:43.799  INFO 29260 --- [main] com.zaxxer.hikari.HikariDataSource       : HikariPool-1 - Shutdown initiated...
2019-04-16 00:10:43.818  INFO 29260 --- [main] com.zaxxer.hikari.HikariDataSource       : HikariPool-1 - Shutdown completed.
2019-04-16 00:10:43.819  INFO 29260 --- [main] o.apache.catalina.core.StandardService   : Stopping service [Tomcat]
2019-04-16 00:10:43.837  INFO 29260 --- [main] ConditionEvaluationReportLoggingListener : 

Error starting ApplicationContext. To display the conditions report re-run your application with 'debug' enabled.
2019-04-16 00:10:43.845 ERROR 29260 --- [main] o.s.boot.SpringApplication               : Application run failed

org.springframework.beans.factory.UnsatisfiedDependencyException: Error creating bean with name 'documentationPluginsBootstrapper' defined in URL [jar:file:/home/regissantana/.m2/repository/io/springfox/springfox-spring-web/2.9.2/springfox-spring-web-2.9.2.jar!/springfox/documentation/spring/web/plugins/DocumentationPluginsBootstrapper.class]: Unsatisfied dependency expressed through constructor parameter 1; nested exception is org.springframework.beans.factory.UnsatisfiedDependencyException: Error creating bean with name 'webMvcRequestHandlerProvider' defined in URL [jar:file:/home/regissantana/.m2/repository/io/springfox/springfox-spring-web/2.9.2/springfox-spring-web-2.9.2.jar!/springfox/documentation/spring/web/plugins/WebMvcRequestHandlerProvider.class]: Unsatisfied dependency expressed through constructor parameter 1; nested exception is org.springframework.beans.factory.BeanCreationException: Error creating bean with name 'requestMappingHandlerMapping' defined in class path resource [org/springframework/boot/autoconfigure/web/servlet/WebMvcAutoConfiguration$EnableWebMvcConfiguration.class]: Invocation of init method failed; nested exception is java.lang.IllegalStateException: Ambiguous mapping. Cannot map 'profissaoResource' method 
public org.springframework.http.ResponseEntity<com.santana.pocapi.service.dto.ProfissaoDTO> com.santana.pocapi.rest.ProfissaoResource.createProfissao(com.santana.pocapi.service.dto.ProfissaoDTO) throws java.lang.Exception
to {POST /api/produto}: There is already 'produtoResource' bean method
public org.springframework.http.ResponseEntity<com.santana.pocapi.service.dto.ProdutoDTO> com.santana.pocapi.rest.ProdutoResource.createProduto(com.santana.pocapi.service.dto.ProdutoDTO) throws java.lang.Exception mapped.
	at org.springframework.beans.factory.support.ConstructorResolver.createArgumentArray(ConstructorResolver.java:769) ~[spring-beans-5.1.3.RELEASE.jar:5.1.3.RELEASE]
	at org.springframework.beans.factory.support.ConstructorResolver.autowireConstructor(ConstructorResolver.java:218) ~[spring-beans-5.1.3.RELEASE.jar:5.1.3.RELEASE]
	at org.springframework.beans.factory.support.AbstractAutowireCapableBeanFactory.autowireConstructor(AbstractAutowireCapableBeanFactory.java:1308) ~[spring-beans-5.1.3.RELEASE.jar:5.1.3.RELEASE]
	at org.springframework.beans.factory.support.AbstractAutowireCapableBeanFactory.createBeanInstance(AbstractAutowireCapableBeanFactory.java:1154) ~[spring-beans-5.1.3.RELEASE.jar:5.1.3.RELEASE]
	at org.springframework.beans.factory.support.AbstractAutowireCapableBeanFactory.doCreateBean(AbstractAutowireCapableBeanFactory.java:538) ~[spring-beans-5.1.3.RELEASE.jar:5.1.3.RELEASE]
	at org.springframework.beans.factory.support.AbstractAutowireCapableBeanFactory.createBean(AbstractAutowireCapableBeanFactory.java:498) ~[spring-beans-5.1.3.RELEASE.jar:5.1.3.RELEASE]
	at org.springframework.beans.factory.support.AbstractBeanFactory.lambda$doGetBean$0(AbstractBeanFactory.java:320) ~[spring-beans-5.1.3.RELEASE.jar:5.1.3.RELEASE]
	at org.springframework.beans.factory.support.DefaultSingletonBeanRegistry.getSingleton(DefaultSingletonBeanRegistry.java:222) ~[spring-beans-5.1.3.RELEASE.jar:5.1.3.RELEASE]
	at org.springframework.beans.factory.support.AbstractBeanFactory.doGetBean(AbstractBeanFactory.java:318) ~[spring-beans-5.1.3.RELEASE.jar:5.1.3.RELEASE]
	at org.springframework.beans.factory.support.AbstractBeanFactory.getBean(AbstractBeanFactory.java:199) ~[spring-beans-5.1.3.RELEASE.jar:5.1.3.RELEASE]
	at org.springframework.beans.factory.support.DefaultListableBeanFactory.preInstantiateSingletons(DefaultListableBeanFactory.java:846) ~[spring-beans-5.1.3.RELEASE.jar:5.1.3.RELEASE]
	at org.springframework.context.support.AbstractApplicationContext.finishBeanFactoryInitialization(AbstractApplicationContext.java:863) ~[spring-context-5.1.3.RELEASE.jar:5.1.3.RELEASE]
	at org.springframework.context.support.AbstractApplicationContext.refresh(AbstractApplicationContext.java:546) ~[spring-context-5.1.3.RELEASE.jar:5.1.3.RELEASE]
	at org.springframework.boot.web.servlet.context.ServletWebServerApplicationContext.refresh(ServletWebServerApplicationContext.java:142) ~[spring-boot-2.1.1.RELEASE.jar:2.1.1.RELEASE]
	at org.springframework.boot.SpringApplication.refresh(SpringApplication.java:775) [spring-boot-2.1.1.RELEASE.jar:2.1.1.RELEASE]
	at org.springframework.boot.SpringApplication.refreshContext(SpringApplication.java:397) [spring-boot-2.1.1.RELEASE.jar:2.1.1.RELEASE]
	at org.springframework.boot.SpringApplication.run(SpringApplication.java:316) [spring-boot-2.1.1.RELEASE.jar:2.1.1.RELEASE]
	at org.springframework.boot.SpringApplication.run(SpringApplication.java:1260) [spring-boot-2.1.1.RELEASE.jar:2.1.1.RELEASE]
	at org.springframework.boot.SpringApplication.run(SpringApplication.java:1248) [spring-boot-2.1.1.RELEASE.jar:2.1.1.RELEASE]
	at com.santana.pocapi.PocApiApplication.main(PocApiApplication.java:11) [classes/:na]
Caused by: org.springframework.beans.factory.UnsatisfiedDependencyException: Error creating bean with name 'webMvcRequestHandlerProvider' defined in URL [jar:file:/home/regissantana/.m2/repository/io/springfox/springfox-spring-web/2.9.2/springfox-spring-web-2.9.2.jar!/springfox/documentation/spring/web/plugins/WebMvcRequestHandlerProvider.class]: Unsatisfied dependency expressed through constructor parameter 1; nested exception is org.springframework.beans.factory.BeanCreationException: Error creating bean with name 'requestMappingHandlerMapping' defined in class path resource [org/springframework/boot/autoconfigure/web/servlet/WebMvcAutoConfiguration$EnableWebMvcConfiguration.class]: Invocation of init method failed; nested exception is java.lang.IllegalStateException: Ambiguous mapping. Cannot map 'profissaoResource' method 
public org.springframework.http.ResponseEntity<com.santana.pocapi.service.dto.ProfissaoDTO> com.santana.pocapi.rest.ProfissaoResource.createProfissao(com.santana.pocapi.service.dto.ProfissaoDTO) throws java.lang.Exception
to {POST /api/produto}: There is already 'produtoResource' bean method
public org.springframework.http.ResponseEntity<com.santana.pocapi.service.dto.ProdutoDTO> com.santana.pocapi.rest.ProdutoResource.createProduto(com.santana.pocapi.service.dto.ProdutoDTO) throws java.lang.Exception mapped.
	at org.springframework.beans.factory.support.ConstructorResolver.createArgumentArray(ConstructorResolver.java:769) ~[spring-beans-5.1.3.RELEASE.jar:5.1.3.RELEASE]
	at org.springframework.beans.factory.support.ConstructorResolver.autowireConstructor(ConstructorResolver.java:218) ~[spring-beans-5.1.3.RELEASE.jar:5.1.3.RELEASE]
	at org.springframework.beans.factory.support.AbstractAutowireCapableBeanFactory.autowireConstructor(AbstractAutowireCapableBeanFactory.java:1308) ~[spring-beans-5.1.3.RELEASE.jar:5.1.3.RELEASE]
	at org.springframework.beans.factory.support.AbstractAutowireCapableBeanFactory.createBeanInstance(AbstractAutowireCapableBeanFactory.java:1154) ~[spring-beans-5.1.3.RELEASE.jar:5.1.3.RELEASE]
	at org.springframework.beans.factory.support.AbstractAutowireCapableBeanFactory.doCreateBean(AbstractAutowireCapableBeanFactory.java:538) ~[spring-beans-5.1.3.RELEASE.jar:5.1.3.RELEASE]
	at org.springframework.beans.factory.support.AbstractAutowireCapableBeanFactory.createBean(AbstractAutowireCapableBeanFactory.java:498) ~[spring-beans-5.1.3.RELEASE.jar:5.1.3.RELEASE]
	at org.springframework.beans.factory.support.AbstractBeanFactory.lambda$doGetBean$0(AbstractBeanFactory.java:320) ~[spring-beans-5.1.3.RELEASE.jar:5.1.3.RELEASE]
	at org.springframework.beans.factory.support.DefaultSingletonBeanRegistry.getSingleton(DefaultSingletonBeanRegistry.java:222) ~[spring-beans-5.1.3.RELEASE.jar:5.1.3.RELEASE]
	at org.springframework.beans.factory.support.AbstractBeanFactory.doGetBean(AbstractBeanFactory.java:318) ~[spring-beans-5.1.3.RELEASE.jar:5.1.3.RELEASE]
	at org.springframework.beans.factory.support.AbstractBeanFactory.getBean(AbstractBeanFactory.java:199) ~[spring-beans-5.1.3.RELEASE.jar:5.1.3.RELEASE]
	at org.springframework.beans.factory.config.DependencyDescriptor.resolveCandidate(DependencyDescriptor.java:273) ~[spring-beans-5.1.3.RELEASE.jar:5.1.3.RELEASE]
	at org.springframework.beans.factory.support.DefaultListableBeanFactory.addCandidateEntry(DefaultListableBeanFactory.java:1453) ~[spring-beans-5.1.3.RELEASE.jar:5.1.3.RELEASE]
	at org.springframework.beans.factory.support.DefaultListableBeanFactory.findAutowireCandidates(DefaultListableBeanFactory.java:1417) ~[spring-beans-5.1.3.RELEASE.jar:5.1.3.RELEASE]
	at org.springframework.beans.factory.support.DefaultListableBeanFactory.resolveMultipleBeans(DefaultListableBeanFactory.java:1308) ~[spring-beans-5.1.3.RELEASE.jar:5.1.3.RELEASE]
	at org.springframework.beans.factory.support.DefaultListableBeanFactory.doResolveDependency(DefaultListableBeanFactory.java:1195) ~[spring-beans-5.1.3.RELEASE.jar:5.1.3.RELEASE]
	at org.springframework.beans.factory.support.DefaultListableBeanFactory.resolveDependency(DefaultListableBeanFactory.java:1164) ~[spring-beans-5.1.3.RELEASE.jar:5.1.3.RELEASE]
	at org.springframework.beans.factory.support.ConstructorResolver.resolveAutowiredArgument(ConstructorResolver.java:857) ~[spring-beans-5.1.3.RELEASE.jar:5.1.3.RELEASE]
	at org.springframework.beans.factory.support.ConstructorResolver.createArgumentArray(ConstructorResolver.java:760) ~[spring-beans-5.1.3.RELEASE.jar:5.1.3.RELEASE]
	... 19 common frames omitted
Caused by: org.springframework.beans.factory.BeanCreationException: Error creating bean with name 'requestMappingHandlerMapping' defined in class path resource [org/springframework/boot/autoconfigure/web/servlet/WebMvcAutoConfiguration$EnableWebMvcConfiguration.class]: Invocation of init method failed; nested exception is java.lang.IllegalStateException: Ambiguous mapping. Cannot map 'profissaoResource' method 
public org.springframework.http.ResponseEntity<com.santana.pocapi.service.dto.ProfissaoDTO> com.santana.pocapi.rest.ProfissaoResource.createProfissao(com.santana.pocapi.service.dto.ProfissaoDTO) throws java.lang.Exception
to {POST /api/produto}: There is already 'produtoResource' bean method
public org.springframework.http.ResponseEntity<com.santana.pocapi.service.dto.ProdutoDTO> com.santana.pocapi.rest.ProdutoResource.createProduto(com.santana.pocapi.service.dto.ProdutoDTO) throws java.lang.Exception mapped.
	at org.springframework.beans.factory.support.AbstractAutowireCapableBeanFactory.initializeBean(AbstractAutowireCapableBeanFactory.java:1745) ~[spring-beans-5.1.3.RELEASE.jar:5.1.3.RELEASE]
	at org.springframework.beans.factory.support.AbstractAutowireCapableBeanFactory.doCreateBean(AbstractAutowireCapableBeanFactory.java:576) ~[spring-beans-5.1.3.RELEASE.jar:5.1.3.RELEASE]
	at org.springframework.beans.factory.support.AbstractAutowireCapableBeanFactory.createBean(AbstractAutowireCapableBeanFactory.java:498) ~[spring-beans-5.1.3.RELEASE.jar:5.1.3.RELEASE]
	at org.springframework.beans.factory.support.AbstractBeanFactory.lambda$doGetBean$0(AbstractBeanFactory.java:320) ~[spring-beans-5.1.3.RELEASE.jar:5.1.3.RELEASE]
	at org.springframework.beans.factory.support.DefaultSingletonBeanRegistry.getSingleton(DefaultSingletonBeanRegistry.java:222) ~[spring-beans-5.1.3.RELEASE.jar:5.1.3.RELEASE]
	at org.springframework.beans.factory.support.AbstractBeanFactory.doGetBean(AbstractBeanFactory.java:318) ~[spring-beans-5.1.3.RELEASE.jar:5.1.3.RELEASE]
	at org.springframework.beans.factory.support.AbstractBeanFactory.getBean(AbstractBeanFactory.java:199) ~[spring-beans-5.1.3.RELEASE.jar:5.1.3.RELEASE]
	at org.springframework.beans.factory.config.DependencyDescriptor.resolveCandidate(DependencyDescriptor.java:273) ~[spring-beans-5.1.3.RELEASE.jar:5.1.3.RELEASE]
	at org.springframework.beans.factory.support.DefaultListableBeanFactory.addCandidateEntry(DefaultListableBeanFactory.java:1453) ~[spring-beans-5.1.3.RELEASE.jar:5.1.3.RELEASE]
	at org.springframework.beans.factory.support.DefaultListableBeanFactory.findAutowireCandidates(DefaultListableBeanFactory.java:1417) ~[spring-beans-5.1.3.RELEASE.jar:5.1.3.RELEASE]
	at org.springframework.beans.factory.support.DefaultListableBeanFactory.resolveMultipleBeans(DefaultListableBeanFactory.java:1308) ~[spring-beans-5.1.3.RELEASE.jar:5.1.3.RELEASE]
	at org.springframework.beans.factory.support.DefaultListableBeanFactory.doResolveDependency(DefaultListableBeanFactory.java:1195) ~[spring-beans-5.1.3.RELEASE.jar:5.1.3.RELEASE]
	at org.springframework.beans.factory.support.DefaultListableBeanFactory.resolveDependency(DefaultListableBeanFactory.java:1164) ~[spring-beans-5.1.3.RELEASE.jar:5.1.3.RELEASE]
	at org.springframework.beans.factory.support.ConstructorResolver.resolveAutowiredArgument(ConstructorResolver.java:857) ~[spring-beans-5.1.3.RELEASE.jar:5.1.3.RELEASE]
	at org.springframework.beans.factory.support.ConstructorResolver.createArgumentArray(ConstructorResolver.java:760) ~[spring-beans-5.1.3.RELEASE.jar:5.1.3.RELEASE]
	... 36 common frames omitted
Caused by: java.lang.IllegalStateException: Ambiguous mapping. Cannot map 'profissaoResource' method 
public org.springframework.http.ResponseEntity<com.santana.pocapi.service.dto.ProfissaoDTO> com.santana.pocapi.rest.ProfissaoResource.createProfissao(com.santana.pocapi.service.dto.ProfissaoDTO) throws java.lang.Exception
to {POST /api/produto}: There is already 'produtoResource' bean method
public org.springframework.http.ResponseEntity<com.santana.pocapi.service.dto.ProdutoDTO> com.santana.pocapi.rest.ProdutoResource.createProduto(com.santana.pocapi.service.dto.ProdutoDTO) throws java.lang.Exception mapped.
	at org.springframework.web.servlet.handler.AbstractHandlerMethodMapping$MappingRegistry.assertUniqueMethodMapping(AbstractHandlerMethodMapping.java:621) ~[spring-webmvc-5.1.3.RELEASE.jar:5.1.3.RELEASE]
	at org.springframework.web.servlet.handler.AbstractHandlerMethodMapping$MappingRegistry.register(AbstractHandlerMethodMapping.java:589) ~[spring-webmvc-5.1.3.RELEASE.jar:5.1.3.RELEASE]
	at org.springframework.web.servlet.handler.AbstractHandlerMethodMapping.registerHandlerMethod(AbstractHandlerMethodMapping.java:315) ~[spring-webmvc-5.1.3.RELEASE.jar:5.1.3.RELEASE]
	at org.springframework.web.servlet.handler.AbstractHandlerMethodMapping.lambda$detectHandlerMethods$1(AbstractHandlerMethodMapping.java:282) ~[spring-webmvc-5.1.3.RELEASE.jar:5.1.3.RELEASE]
	at java.util.LinkedHashMap.forEach(LinkedHashMap.java:684) ~[na:1.8.0_201]
	at org.springframework.web.servlet.handler.AbstractHandlerMethodMapping.detectHandlerMethods(AbstractHandlerMethodMapping.java:280) ~[spring-webmvc-5.1.3.RELEASE.jar:5.1.3.RELEASE]
	at org.springframework.web.servlet.handler.AbstractHandlerMethodMapping.processCandidateBean(AbstractHandlerMethodMapping.java:252) ~[spring-webmvc-5.1.3.RELEASE.jar:5.1.3.RELEASE]
	at org.springframework.web.servlet.handler.AbstractHandlerMethodMapping.initHandlerMethods(AbstractHandlerMethodMapping.java:211) ~[spring-webmvc-5.1.3.RELEASE.jar:5.1.3.RELEASE]
	at org.springframework.web.servlet.handler.AbstractHandlerMethodMapping.afterPropertiesSet(AbstractHandlerMethodMapping.java:199) ~[spring-webmvc-5.1.3.RELEASE.jar:5.1.3.RELEASE]
	at org.springframework.web.servlet.mvc.method.annotation.RequestMappingHandlerMapping.afterPropertiesSet(RequestMappingHandlerMapping.java:164) ~[spring-webmvc-5.1.3.RELEASE.jar:5.1.3.RELEASE]
	at org.springframework.beans.factory.support.AbstractAutowireCapableBeanFactory.invokeInitMethods(AbstractAutowireCapableBeanFactory.java:1804) ~[spring-beans-5.1.3.RELEASE.jar:5.1.3.RELEASE]
	at org.springframework.beans.factory.support.AbstractAutowireCapableBeanFactory.initializeBean(AbstractAutowireCapableBeanFactory.java:1741) ~[spring-beans-5.1.3.RELEASE.jar:5.1.3.RELEASE]
	... 50 common frames omitted

2019-04-16 00:12:38.600  INFO 29992 --- [main] com.santana.pocapi.PocApiApplication     : Starting PocApiApplication on NTCNOTE44 with PID 29992 (/home/regissantana/nt/pessoal/api-poc/target/classes started by regissantana in /home/regissantana/nt/pessoal/api-poc)
2019-04-16 00:12:38.604  INFO 29992 --- [main] com.santana.pocapi.PocApiApplication     : The following profiles are active: dev
2019-04-16 00:12:40.401  INFO 29992 --- [main] .s.d.r.c.RepositoryConfigurationDelegate : Bootstrapping Spring Data repositories in DEFAULT mode.
2019-04-16 00:12:40.506  INFO 29992 --- [main] .s.d.r.c.RepositoryConfigurationDelegate : Finished Spring Data repository scanning in 94ms. Found 4 repository interfaces.
2019-04-16 00:12:40.982  INFO 29992 --- [main] trationDelegate$BeanPostProcessorChecker : Bean 'org.springframework.transaction.annotation.ProxyTransactionManagementConfiguration' of type [org.springframework.transaction.annotation.ProxyTransactionManagementConfiguration$$EnhancerBySpringCGLIB$$6cac5fdf] is not eligible for getting processed by all BeanPostProcessors (for example: not eligible for auto-proxying)
2019-04-16 00:12:41.354  INFO 29992 --- [main] o.s.b.w.embedded.tomcat.TomcatWebServer  : Tomcat initialized with port(s): 8081 (http)
2019-04-16 00:12:41.383  INFO 29992 --- [main] o.apache.catalina.core.StandardService   : Starting service [Tomcat]
2019-04-16 00:12:41.383  INFO 29992 --- [main] org.apache.catalina.core.StandardEngine  : Starting Servlet Engine: Apache Tomcat/9.0.13
2019-04-16 00:12:41.391  INFO 29992 --- [main] o.a.catalina.core.AprLifecycleListener   : The APR based Apache Tomcat Native library which allows optimal performance in production environments was not found on the java.library.path: [/usr/java/packages/lib/amd64:/usr/lib64:/lib64:/lib:/usr/lib]
2019-04-16 00:12:41.486  INFO 29992 --- [main] o.a.c.c.C.[.[localhost].[/poc-api]       : Initializing Spring embedded WebApplicationContext
2019-04-16 00:12:41.486  INFO 29992 --- [main] o.s.web.context.ContextLoader            : Root WebApplicationContext: initialization completed in 2807 ms
2019-04-16 00:12:41.697  INFO 29992 --- [main] com.zaxxer.hikari.HikariDataSource       : HikariPool-1 - Starting...
2019-04-16 00:12:42.068  INFO 29992 --- [main] com.zaxxer.hikari.HikariDataSource       : HikariPool-1 - Start completed.
2019-04-16 00:12:42.127  INFO 29992 --- [main] o.hibernate.jpa.internal.util.LogHelper  : HHH000204: Processing PersistenceUnitInfo [
	name: default
	...]
2019-04-16 00:12:42.198  INFO 29992 --- [main] org.hibernate.Version                    : HHH000412: Hibernate Core {5.3.7.Final}
2019-04-16 00:12:42.200  INFO 29992 --- [main] org.hibernate.cfg.Environment            : HHH000206: hibernate.properties not found
2019-04-16 00:12:42.332  INFO 29992 --- [main] o.hibernate.annotations.common.Version   : HCANN000001: Hibernate Commons Annotations {5.0.4.Final}
2019-04-16 00:12:42.466  INFO 29992 --- [main] org.hibernate.dialect.Dialect            : HHH000400: Using dialect: org.hibernate.dialect.MySQL5InnoDBDialect
2019-04-16 00:12:42.483  INFO 29992 --- [main] o.h.e.j.e.i.LobCreatorBuilderImpl        : HHH000422: Disabling contextual LOB creation as connection was null
2019-04-16 00:12:43.189  WARN 29992 --- [main] o.h.t.s.i.ExceptionHandlerLoggedImpl     : GenerationTarget encountered exception accepting command : Error executing DDL "alter table endereco drop foreign key FKn1l2g0b74rqd9ywu29sva9sy9" via JDBC Statement

org.hibernate.tool.schema.spi.CommandAcceptanceException: Error executing DDL "alter table endereco drop foreign key FKn1l2g0b74rqd9ywu29sva9sy9" via JDBC Statement
	at org.hibernate.tool.schema.internal.exec.GenerationTargetToDatabase.accept(GenerationTargetToDatabase.java:67) ~[hibernate-core-5.3.7.Final.jar:5.3.7.Final]
	at org.hibernate.tool.schema.internal.SchemaDropperImpl.applySqlString(SchemaDropperImpl.java:375) [hibernate-core-5.3.7.Final.jar:5.3.7.Final]
	at org.hibernate.tool.schema.internal.SchemaDropperImpl.applySqlStrings(SchemaDropperImpl.java:359) [hibernate-core-5.3.7.Final.jar:5.3.7.Final]
	at org.hibernate.tool.schema.internal.SchemaDropperImpl.applyConstraintDropping(SchemaDropperImpl.java:331) [hibernate-core-5.3.7.Final.jar:5.3.7.Final]
	at org.hibernate.tool.schema.internal.SchemaDropperImpl.dropFromMetadata(SchemaDropperImpl.java:230) [hibernate-core-5.3.7.Final.jar:5.3.7.Final]
	at org.hibernate.tool.schema.internal.SchemaDropperImpl.performDrop(SchemaDropperImpl.java:154) [hibernate-core-5.3.7.Final.jar:5.3.7.Final]
	at org.hibernate.tool.schema.internal.SchemaDropperImpl.doDrop(SchemaDropperImpl.java:126) [hibernate-core-5.3.7.Final.jar:5.3.7.Final]
	at org.hibernate.tool.schema.internal.SchemaDropperImpl.doDrop(SchemaDropperImpl.java:112) [hibernate-core-5.3.7.Final.jar:5.3.7.Final]
	at org.hibernate.tool.schema.spi.SchemaManagementToolCoordinator.performDatabaseAction(SchemaManagementToolCoordinator.java:144) [hibernate-core-5.3.7.Final.jar:5.3.7.Final]
	at org.hibernate.tool.schema.spi.SchemaManagementToolCoordinator.process(SchemaManagementToolCoordinator.java:72) [hibernate-core-5.3.7.Final.jar:5.3.7.Final]
	at org.hibernate.internal.SessionFactoryImpl.<init>(SessionFactoryImpl.java:310) [hibernate-core-5.3.7.Final.jar:5.3.7.Final]
	at org.hibernate.boot.internal.SessionFactoryBuilderImpl.build(SessionFactoryBuilderImpl.java:467) [hibernate-core-5.3.7.Final.jar:5.3.7.Final]
	at org.hibernate.jpa.boot.internal.EntityManagerFactoryBuilderImpl.build(EntityManagerFactoryBuilderImpl.java:939) [hibernate-core-5.3.7.Final.jar:5.3.7.Final]
	at org.springframework.orm.jpa.vendor.SpringHibernateJpaPersistenceProvider.createContainerEntityManagerFactory(SpringHibernateJpaPersistenceProvider.java:57) [spring-orm-5.1.3.RELEASE.jar:5.1.3.RELEASE]
	at org.springframework.orm.jpa.LocalContainerEntityManagerFactoryBean.createNativeEntityManagerFactory(LocalContainerEntityManagerFactoryBean.java:365) [spring-orm-5.1.3.RELEASE.jar:5.1.3.RELEASE]
	at org.springframework.orm.jpa.AbstractEntityManagerFactoryBean.buildNativeEntityManagerFactory(AbstractEntityManagerFactoryBean.java:390) [spring-orm-5.1.3.RELEASE.jar:5.1.3.RELEASE]
	at org.springframework.orm.jpa.AbstractEntityManagerFactoryBean.afterPropertiesSet(AbstractEntityManagerFactoryBean.java:377) [spring-orm-5.1.3.RELEASE.jar:5.1.3.RELEASE]
	at org.springframework.orm.jpa.LocalContainerEntityManagerFactoryBean.afterPropertiesSet(LocalContainerEntityManagerFactoryBean.java:341) [spring-orm-5.1.3.RELEASE.jar:5.1.3.RELEASE]
	at org.springframework.beans.factory.support.AbstractAutowireCapableBeanFactory.invokeInitMethods(AbstractAutowireCapableBeanFactory.java:1804) [spring-beans-5.1.3.RELEASE.jar:5.1.3.RELEASE]
	at org.springframework.beans.factory.support.AbstractAutowireCapableBeanFactory.initializeBean(AbstractAutowireCapableBeanFactory.java:1741) [spring-beans-5.1.3.RELEASE.jar:5.1.3.RELEASE]
	at org.springframework.beans.factory.support.AbstractAutowireCapableBeanFactory.doCreateBean(AbstractAutowireCapableBeanFactory.java:576) [spring-beans-5.1.3.RELEASE.jar:5.1.3.RELEASE]
	at org.springframework.beans.factory.support.AbstractAutowireCapableBeanFactory.createBean(AbstractAutowireCapableBeanFactory.java:498) [spring-beans-5.1.3.RELEASE.jar:5.1.3.RELEASE]
	at org.springframework.beans.factory.support.AbstractBeanFactory.lambda$doGetBean$0(AbstractBeanFactory.java:320) [spring-beans-5.1.3.RELEASE.jar:5.1.3.RELEASE]
	at org.springframework.beans.factory.support.DefaultSingletonBeanRegistry.getSingleton(DefaultSingletonBeanRegistry.java:222) ~[spring-beans-5.1.3.RELEASE.jar:5.1.3.RELEASE]
	at org.springframework.beans.factory.support.AbstractBeanFactory.doGetBean(AbstractBeanFactory.java:318) [spring-beans-5.1.3.RELEASE.jar:5.1.3.RELEASE]
	at org.springframework.beans.factory.support.AbstractBeanFactory.getBean(AbstractBeanFactory.java:199) [spring-beans-5.1.3.RELEASE.jar:5.1.3.RELEASE]
	at org.springframework.context.support.AbstractApplicationContext.getBean(AbstractApplicationContext.java:1083) ~[spring-context-5.1.3.RELEASE.jar:5.1.3.RELEASE]
	at org.springframework.context.support.AbstractApplicationContext.finishBeanFactoryInitialization(AbstractApplicationContext.java:853) ~[spring-context-5.1.3.RELEASE.jar:5.1.3.RELEASE]
	at org.springframework.context.support.AbstractApplicationContext.refresh(AbstractApplicationContext.java:546) ~[spring-context-5.1.3.RELEASE.jar:5.1.3.RELEASE]
	at org.springframework.boot.web.servlet.context.ServletWebServerApplicationContext.refresh(ServletWebServerApplicationContext.java:142) ~[spring-boot-2.1.1.RELEASE.jar:2.1.1.RELEASE]
	at org.springframework.boot.SpringApplication.refresh(SpringApplication.java:775) ~[spring-boot-2.1.1.RELEASE.jar:2.1.1.RELEASE]
	at org.springframework.boot.SpringApplication.refreshContext(SpringApplication.java:397) ~[spring-boot-2.1.1.RELEASE.jar:2.1.1.RELEASE]
	at org.springframework.boot.SpringApplication.run(SpringApplication.java:316) ~[spring-boot-2.1.1.RELEASE.jar:2.1.1.RELEASE]
	at org.springframework.boot.SpringApplication.run(SpringApplication.java:1260) ~[spring-boot-2.1.1.RELEASE.jar:2.1.1.RELEASE]
	at org.springframework.boot.SpringApplication.run(SpringApplication.java:1248) ~[spring-boot-2.1.1.RELEASE.jar:2.1.1.RELEASE]
	at com.santana.pocapi.PocApiApplication.main(PocApiApplication.java:11) ~[classes/:na]
Caused by: org.h2.jdbc.JdbcSQLException: Table "ENDERECO" not found; SQL statement:
alter table endereco drop foreign key FKn1l2g0b74rqd9ywu29sva9sy9 [42102-197]
	at org.h2.message.DbException.getJdbcSQLException(DbException.java:357) ~[h2-1.4.197.jar:1.4.197]
	at org.h2.message.DbException.get(DbException.java:179) ~[h2-1.4.197.jar:1.4.197]
	at org.h2.message.DbException.get(DbException.java:155) ~[h2-1.4.197.jar:1.4.197]
	at org.h2.command.Parser.tableIfTableExists(Parser.java:6275) ~[h2-1.4.197.jar:1.4.197]
	at org.h2.command.Parser.commandIfTableExists(Parser.java:6288) ~[h2-1.4.197.jar:1.4.197]
	at org.h2.command.Parser.parseAlterTable(Parser.java:6051) ~[h2-1.4.197.jar:1.4.197]
	at org.h2.command.Parser.parseAlter(Parser.java:5373) ~[h2-1.4.197.jar:1.4.197]
	at org.h2.command.Parser.parsePrepared(Parser.java:362) ~[h2-1.4.197.jar:1.4.197]
	at org.h2.command.Parser.parse(Parser.java:335) ~[h2-1.4.197.jar:1.4.197]
	at org.h2.command.Parser.parse(Parser.java:307) ~[h2-1.4.197.jar:1.4.197]
	at org.h2.command.Parser.prepareCommand(Parser.java:278) ~[h2-1.4.197.jar:1.4.197]
	at org.h2.engine.Session.prepareLocal(Session.java:611) ~[h2-1.4.197.jar:1.4.197]
	at org.h2.engine.Session.prepareCommand(Session.java:549) ~[h2-1.4.197.jar:1.4.197]
	at org.h2.jdbc.JdbcConnection.prepareCommand(JdbcConnection.java:1247) ~[h2-1.4.197.jar:1.4.197]
	at org.h2.jdbc.JdbcStatement.executeInternal(JdbcStatement.java:217) ~[h2-1.4.197.jar:1.4.197]
	at org.h2.jdbc.JdbcStatement.execute(JdbcStatement.java:205) ~[h2-1.4.197.jar:1.4.197]
	at com.zaxxer.hikari.pool.ProxyStatement.execute(ProxyStatement.java:95) ~[HikariCP-3.2.0.jar:na]
	at com.zaxxer.hikari.pool.HikariProxyStatement.execute(HikariProxyStatement.java) ~[HikariCP-3.2.0.jar:na]
	at org.hibernate.tool.schema.internal.exec.GenerationTargetToDatabase.accept(GenerationTargetToDatabase.java:54) ~[hibernate-core-5.3.7.Final.jar:5.3.7.Final]
	... 35 common frames omitted

2019-04-16 00:12:43.191  WARN 29992 --- [main] o.h.t.s.i.ExceptionHandlerLoggedImpl     : GenerationTarget encountered exception accepting command : Error executing DDL "alter table pessoa drop foreign key FKdlajb93ifjvjmg3w1bbrdm6g3" via JDBC Statement

org.hibernate.tool.schema.spi.CommandAcceptanceException: Error executing DDL "alter table pessoa drop foreign key FKdlajb93ifjvjmg3w1bbrdm6g3" via JDBC Statement
	at org.hibernate.tool.schema.internal.exec.GenerationTargetToDatabase.accept(GenerationTargetToDatabase.java:67) ~[hibernate-core-5.3.7.Final.jar:5.3.7.Final]
	at org.hibernate.tool.schema.internal.SchemaDropperImpl.applySqlString(SchemaDropperImpl.java:375) [hibernate-core-5.3.7.Final.jar:5.3.7.Final]
	at org.hibernate.tool.schema.internal.SchemaDropperImpl.applySqlStrings(SchemaDropperImpl.java:359) [hibernate-core-5.3.7.Final.jar:5.3.7.Final]
	at org.hibernate.tool.schema.internal.SchemaDropperImpl.applyConstraintDropping(SchemaDropperImpl.java:331) [hibernate-core-5.3.7.Final.jar:5.3.7.Final]
	at org.hibernate.tool.schema.internal.SchemaDropperImpl.dropFromMetadata(SchemaDropperImpl.java:230) [hibernate-core-5.3.7.Final.jar:5.3.7.Final]
	at org.hibernate.tool.schema.internal.SchemaDropperImpl.performDrop(SchemaDropperImpl.java:154) [hibernate-core-5.3.7.Final.jar:5.3.7.Final]
	at org.hibernate.tool.schema.internal.SchemaDropperImpl.doDrop(SchemaDropperImpl.java:126) [hibernate-core-5.3.7.Final.jar:5.3.7.Final]
	at org.hibernate.tool.schema.internal.SchemaDropperImpl.doDrop(SchemaDropperImpl.java:112) [hibernate-core-5.3.7.Final.jar:5.3.7.Final]
	at org.hibernate.tool.schema.spi.SchemaManagementToolCoordinator.performDatabaseAction(SchemaManagementToolCoordinator.java:144) [hibernate-core-5.3.7.Final.jar:5.3.7.Final]
	at org.hibernate.tool.schema.spi.SchemaManagementToolCoordinator.process(SchemaManagementToolCoordinator.java:72) [hibernate-core-5.3.7.Final.jar:5.3.7.Final]
	at org.hibernate.internal.SessionFactoryImpl.<init>(SessionFactoryImpl.java:310) [hibernate-core-5.3.7.Final.jar:5.3.7.Final]
	at org.hibernate.boot.internal.SessionFactoryBuilderImpl.build(SessionFactoryBuilderImpl.java:467) [hibernate-core-5.3.7.Final.jar:5.3.7.Final]
	at org.hibernate.jpa.boot.internal.EntityManagerFactoryBuilderImpl.build(EntityManagerFactoryBuilderImpl.java:939) [hibernate-core-5.3.7.Final.jar:5.3.7.Final]
	at org.springframework.orm.jpa.vendor.SpringHibernateJpaPersistenceProvider.createContainerEntityManagerFactory(SpringHibernateJpaPersistenceProvider.java:57) [spring-orm-5.1.3.RELEASE.jar:5.1.3.RELEASE]
	at org.springframework.orm.jpa.LocalContainerEntityManagerFactoryBean.createNativeEntityManagerFactory(LocalContainerEntityManagerFactoryBean.java:365) [spring-orm-5.1.3.RELEASE.jar:5.1.3.RELEASE]
	at org.springframework.orm.jpa.AbstractEntityManagerFactoryBean.buildNativeEntityManagerFactory(AbstractEntityManagerFactoryBean.java:390) [spring-orm-5.1.3.RELEASE.jar:5.1.3.RELEASE]
	at org.springframework.orm.jpa.AbstractEntityManagerFactoryBean.afterPropertiesSet(AbstractEntityManagerFactoryBean.java:377) [spring-orm-5.1.3.RELEASE.jar:5.1.3.RELEASE]
	at org.springframework.orm.jpa.LocalContainerEntityManagerFactoryBean.afterPropertiesSet(LocalContainerEntityManagerFactoryBean.java:341) [spring-orm-5.1.3.RELEASE.jar:5.1.3.RELEASE]
	at org.springframework.beans.factory.support.AbstractAutowireCapableBeanFactory.invokeInitMethods(AbstractAutowireCapableBeanFactory.java:1804) [spring-beans-5.1.3.RELEASE.jar:5.1.3.RELEASE]
	at org.springframework.beans.factory.support.AbstractAutowireCapableBeanFactory.initializeBean(AbstractAutowireCapableBeanFactory.java:1741) [spring-beans-5.1.3.RELEASE.jar:5.1.3.RELEASE]
	at org.springframework.beans.factory.support.AbstractAutowireCapableBeanFactory.doCreateBean(AbstractAutowireCapableBeanFactory.java:576) [spring-beans-5.1.3.RELEASE.jar:5.1.3.RELEASE]
	at org.springframework.beans.factory.support.AbstractAutowireCapableBeanFactory.createBean(AbstractAutowireCapableBeanFactory.java:498) [spring-beans-5.1.3.RELEASE.jar:5.1.3.RELEASE]
	at org.springframework.beans.factory.support.AbstractBeanFactory.lambda$doGetBean$0(AbstractBeanFactory.java:320) [spring-beans-5.1.3.RELEASE.jar:5.1.3.RELEASE]
	at org.springframework.beans.factory.support.DefaultSingletonBeanRegistry.getSingleton(DefaultSingletonBeanRegistry.java:222) ~[spring-beans-5.1.3.RELEASE.jar:5.1.3.RELEASE]
	at org.springframework.beans.factory.support.AbstractBeanFactory.doGetBean(AbstractBeanFactory.java:318) [spring-beans-5.1.3.RELEASE.jar:5.1.3.RELEASE]
	at org.springframework.beans.factory.support.AbstractBeanFactory.getBean(AbstractBeanFactory.java:199) [spring-beans-5.1.3.RELEASE.jar:5.1.3.RELEASE]
	at org.springframework.context.support.AbstractApplicationContext.getBean(AbstractApplicationContext.java:1083) ~[spring-context-5.1.3.RELEASE.jar:5.1.3.RELEASE]
	at org.springframework.context.support.AbstractApplicationContext.finishBeanFactoryInitialization(AbstractApplicationContext.java:853) ~[spring-context-5.1.3.RELEASE.jar:5.1.3.RELEASE]
	at org.springframework.context.support.AbstractApplicationContext.refresh(AbstractApplicationContext.java:546) ~[spring-context-5.1.3.RELEASE.jar:5.1.3.RELEASE]
	at org.springframework.boot.web.servlet.context.ServletWebServerApplicationContext.refresh(ServletWebServerApplicationContext.java:142) ~[spring-boot-2.1.1.RELEASE.jar:2.1.1.RELEASE]
	at org.springframework.boot.SpringApplication.refresh(SpringApplication.java:775) ~[spring-boot-2.1.1.RELEASE.jar:2.1.1.RELEASE]
	at org.springframework.boot.SpringApplication.refreshContext(SpringApplication.java:397) ~[spring-boot-2.1.1.RELEASE.jar:2.1.1.RELEASE]
	at org.springframework.boot.SpringApplication.run(SpringApplication.java:316) ~[spring-boot-2.1.1.RELEASE.jar:2.1.1.RELEASE]
	at org.springframework.boot.SpringApplication.run(SpringApplication.java:1260) ~[spring-boot-2.1.1.RELEASE.jar:2.1.1.RELEASE]
	at org.springframework.boot.SpringApplication.run(SpringApplication.java:1248) ~[spring-boot-2.1.1.RELEASE.jar:2.1.1.RELEASE]
	at com.santana.pocapi.PocApiApplication.main(PocApiApplication.java:11) ~[classes/:na]
Caused by: org.h2.jdbc.JdbcSQLException: Table "PESSOA" not found; SQL statement:
alter table pessoa drop foreign key FKdlajb93ifjvjmg3w1bbrdm6g3 [42102-197]
	at org.h2.message.DbException.getJdbcSQLException(DbException.java:357) ~[h2-1.4.197.jar:1.4.197]
	at org.h2.message.DbException.get(DbException.java:179) ~[h2-1.4.197.jar:1.4.197]
	at org.h2.message.DbException.get(DbException.java:155) ~[h2-1.4.197.jar:1.4.197]
	at org.h2.command.Parser.tableIfTableExists(Parser.java:6275) ~[h2-1.4.197.jar:1.4.197]
	at org.h2.command.Parser.commandIfTableExists(Parser.java:6288) ~[h2-1.4.197.jar:1.4.197]
	at org.h2.command.Parser.parseAlterTable(Parser.java:6051) ~[h2-1.4.197.jar:1.4.197]
	at org.h2.command.Parser.parseAlter(Parser.java:5373) ~[h2-1.4.197.jar:1.4.197]
	at org.h2.command.Parser.parsePrepared(Parser.java:362) ~[h2-1.4.197.jar:1.4.197]
	at org.h2.command.Parser.parse(Parser.java:335) ~[h2-1.4.197.jar:1.4.197]
	at org.h2.command.Parser.parse(Parser.java:307) ~[h2-1.4.197.jar:1.4.197]
	at org.h2.command.Parser.prepareCommand(Parser.java:278) ~[h2-1.4.197.jar:1.4.197]
	at org.h2.engine.Session.prepareLocal(Session.java:611) ~[h2-1.4.197.jar:1.4.197]
	at org.h2.engine.Session.prepareCommand(Session.java:549) ~[h2-1.4.197.jar:1.4.197]
	at org.h2.jdbc.JdbcConnection.prepareCommand(JdbcConnection.java:1247) ~[h2-1.4.197.jar:1.4.197]
	at org.h2.jdbc.JdbcStatement.executeInternal(JdbcStatement.java:217) ~[h2-1.4.197.jar:1.4.197]
	at org.h2.jdbc.JdbcStatement.execute(JdbcStatement.java:205) ~[h2-1.4.197.jar:1.4.197]
	at com.zaxxer.hikari.pool.ProxyStatement.execute(ProxyStatement.java:95) ~[HikariCP-3.2.0.jar:na]
	at com.zaxxer.hikari.pool.HikariProxyStatement.execute(HikariProxyStatement.java) ~[HikariCP-3.2.0.jar:na]
	at org.hibernate.tool.schema.internal.exec.GenerationTargetToDatabase.accept(GenerationTargetToDatabase.java:54) ~[hibernate-core-5.3.7.Final.jar:5.3.7.Final]
	... 35 common frames omitted

2019-04-16 00:12:43.193  WARN 29992 --- [main] o.h.t.s.i.ExceptionHandlerLoggedImpl     : GenerationTarget encountered exception accepting command : Error executing DDL "alter table profissao drop foreign key FKmd79pbs144w99s5esajw6pfnq" via JDBC Statement

org.hibernate.tool.schema.spi.CommandAcceptanceException: Error executing DDL "alter table profissao drop foreign key FKmd79pbs144w99s5esajw6pfnq" via JDBC Statement
	at org.hibernate.tool.schema.internal.exec.GenerationTargetToDatabase.accept(GenerationTargetToDatabase.java:67) ~[hibernate-core-5.3.7.Final.jar:5.3.7.Final]
	at org.hibernate.tool.schema.internal.SchemaDropperImpl.applySqlString(SchemaDropperImpl.java:375) [hibernate-core-5.3.7.Final.jar:5.3.7.Final]
	at org.hibernate.tool.schema.internal.SchemaDropperImpl.applySqlStrings(SchemaDropperImpl.java:359) [hibernate-core-5.3.7.Final.jar:5.3.7.Final]
	at org.hibernate.tool.schema.internal.SchemaDropperImpl.applyConstraintDropping(SchemaDropperImpl.java:331) [hibernate-core-5.3.7.Final.jar:5.3.7.Final]
	at org.hibernate.tool.schema.internal.SchemaDropperImpl.dropFromMetadata(SchemaDropperImpl.java:230) [hibernate-core-5.3.7.Final.jar:5.3.7.Final]
	at org.hibernate.tool.schema.internal.SchemaDropperImpl.performDrop(SchemaDropperImpl.java:154) [hibernate-core-5.3.7.Final.jar:5.3.7.Final]
	at org.hibernate.tool.schema.internal.SchemaDropperImpl.doDrop(SchemaDropperImpl.java:126) [hibernate-core-5.3.7.Final.jar:5.3.7.Final]
	at org.hibernate.tool.schema.internal.SchemaDropperImpl.doDrop(SchemaDropperImpl.java:112) [hibernate-core-5.3.7.Final.jar:5.3.7.Final]
	at org.hibernate.tool.schema.spi.SchemaManagementToolCoordinator.performDatabaseAction(SchemaManagementToolCoordinator.java:144) [hibernate-core-5.3.7.Final.jar:5.3.7.Final]
	at org.hibernate.tool.schema.spi.SchemaManagementToolCoordinator.process(SchemaManagementToolCoordinator.java:72) [hibernate-core-5.3.7.Final.jar:5.3.7.Final]
	at org.hibernate.internal.SessionFactoryImpl.<init>(SessionFactoryImpl.java:310) [hibernate-core-5.3.7.Final.jar:5.3.7.Final]
	at org.hibernate.boot.internal.SessionFactoryBuilderImpl.build(SessionFactoryBuilderImpl.java:467) [hibernate-core-5.3.7.Final.jar:5.3.7.Final]
	at org.hibernate.jpa.boot.internal.EntityManagerFactoryBuilderImpl.build(EntityManagerFactoryBuilderImpl.java:939) [hibernate-core-5.3.7.Final.jar:5.3.7.Final]
	at org.springframework.orm.jpa.vendor.SpringHibernateJpaPersistenceProvider.createContainerEntityManagerFactory(SpringHibernateJpaPersistenceProvider.java:57) [spring-orm-5.1.3.RELEASE.jar:5.1.3.RELEASE]
	at org.springframework.orm.jpa.LocalContainerEntityManagerFactoryBean.createNativeEntityManagerFactory(LocalContainerEntityManagerFactoryBean.java:365) [spring-orm-5.1.3.RELEASE.jar:5.1.3.RELEASE]
	at org.springframework.orm.jpa.AbstractEntityManagerFactoryBean.buildNativeEntityManagerFactory(AbstractEntityManagerFactoryBean.java:390) [spring-orm-5.1.3.RELEASE.jar:5.1.3.RELEASE]
	at org.springframework.orm.jpa.AbstractEntityManagerFactoryBean.afterPropertiesSet(AbstractEntityManagerFactoryBean.java:377) [spring-orm-5.1.3.RELEASE.jar:5.1.3.RELEASE]
	at org.springframework.orm.jpa.LocalContainerEntityManagerFactoryBean.afterPropertiesSet(LocalContainerEntityManagerFactoryBean.java:341) [spring-orm-5.1.3.RELEASE.jar:5.1.3.RELEASE]
	at org.springframework.beans.factory.support.AbstractAutowireCapableBeanFactory.invokeInitMethods(AbstractAutowireCapableBeanFactory.java:1804) [spring-beans-5.1.3.RELEASE.jar:5.1.3.RELEASE]
	at org.springframework.beans.factory.support.AbstractAutowireCapableBeanFactory.initializeBean(AbstractAutowireCapableBeanFactory.java:1741) [spring-beans-5.1.3.RELEASE.jar:5.1.3.RELEASE]
	at org.springframework.beans.factory.support.AbstractAutowireCapableBeanFactory.doCreateBean(AbstractAutowireCapableBeanFactory.java:576) [spring-beans-5.1.3.RELEASE.jar:5.1.3.RELEASE]
	at org.springframework.beans.factory.support.AbstractAutowireCapableBeanFactory.createBean(AbstractAutowireCapableBeanFactory.java:498) [spring-beans-5.1.3.RELEASE.jar:5.1.3.RELEASE]
	at org.springframework.beans.factory.support.AbstractBeanFactory.lambda$doGetBean$0(AbstractBeanFactory.java:320) [spring-beans-5.1.3.RELEASE.jar:5.1.3.RELEASE]
	at org.springframework.beans.factory.support.DefaultSingletonBeanRegistry.getSingleton(DefaultSingletonBeanRegistry.java:222) ~[spring-beans-5.1.3.RELEASE.jar:5.1.3.RELEASE]
	at org.springframework.beans.factory.support.AbstractBeanFactory.doGetBean(AbstractBeanFactory.java:318) [spring-beans-5.1.3.RELEASE.jar:5.1.3.RELEASE]
	at org.springframework.beans.factory.support.AbstractBeanFactory.getBean(AbstractBeanFactory.java:199) [spring-beans-5.1.3.RELEASE.jar:5.1.3.RELEASE]
	at org.springframework.context.support.AbstractApplicationContext.getBean(AbstractApplicationContext.java:1083) ~[spring-context-5.1.3.RELEASE.jar:5.1.3.RELEASE]
	at org.springframework.context.support.AbstractApplicationContext.finishBeanFactoryInitialization(AbstractApplicationContext.java:853) ~[spring-context-5.1.3.RELEASE.jar:5.1.3.RELEASE]
	at org.springframework.context.support.AbstractApplicationContext.refresh(AbstractApplicationContext.java:546) ~[spring-context-5.1.3.RELEASE.jar:5.1.3.RELEASE]
	at org.springframework.boot.web.servlet.context.ServletWebServerApplicationContext.refresh(ServletWebServerApplicationContext.java:142) ~[spring-boot-2.1.1.RELEASE.jar:2.1.1.RELEASE]
	at org.springframework.boot.SpringApplication.refresh(SpringApplication.java:775) ~[spring-boot-2.1.1.RELEASE.jar:2.1.1.RELEASE]
	at org.springframework.boot.SpringApplication.refreshContext(SpringApplication.java:397) ~[spring-boot-2.1.1.RELEASE.jar:2.1.1.RELEASE]
	at org.springframework.boot.SpringApplication.run(SpringApplication.java:316) ~[spring-boot-2.1.1.RELEASE.jar:2.1.1.RELEASE]
	at org.springframework.boot.SpringApplication.run(SpringApplication.java:1260) ~[spring-boot-2.1.1.RELEASE.jar:2.1.1.RELEASE]
	at org.springframework.boot.SpringApplication.run(SpringApplication.java:1248) ~[spring-boot-2.1.1.RELEASE.jar:2.1.1.RELEASE]
	at com.santana.pocapi.PocApiApplication.main(PocApiApplication.java:11) ~[classes/:na]
Caused by: org.h2.jdbc.JdbcSQLException: Table "PROFISSAO" not found; SQL statement:
alter table profissao drop foreign key FKmd79pbs144w99s5esajw6pfnq [42102-197]
	at org.h2.message.DbException.getJdbcSQLException(DbException.java:357) ~[h2-1.4.197.jar:1.4.197]
	at org.h2.message.DbException.get(DbException.java:179) ~[h2-1.4.197.jar:1.4.197]
	at org.h2.message.DbException.get(DbException.java:155) ~[h2-1.4.197.jar:1.4.197]
	at org.h2.command.Parser.tableIfTableExists(Parser.java:6275) ~[h2-1.4.197.jar:1.4.197]
	at org.h2.command.Parser.commandIfTableExists(Parser.java:6288) ~[h2-1.4.197.jar:1.4.197]
	at org.h2.command.Parser.parseAlterTable(Parser.java:6051) ~[h2-1.4.197.jar:1.4.197]
	at org.h2.command.Parser.parseAlter(Parser.java:5373) ~[h2-1.4.197.jar:1.4.197]
	at org.h2.command.Parser.parsePrepared(Parser.java:362) ~[h2-1.4.197.jar:1.4.197]
	at org.h2.command.Parser.parse(Parser.java:335) ~[h2-1.4.197.jar:1.4.197]
	at org.h2.command.Parser.parse(Parser.java:307) ~[h2-1.4.197.jar:1.4.197]
	at org.h2.command.Parser.prepareCommand(Parser.java:278) ~[h2-1.4.197.jar:1.4.197]
	at org.h2.engine.Session.prepareLocal(Session.java:611) ~[h2-1.4.197.jar:1.4.197]
	at org.h2.engine.Session.prepareCommand(Session.java:549) ~[h2-1.4.197.jar:1.4.197]
	at org.h2.jdbc.JdbcConnection.prepareCommand(JdbcConnection.java:1247) ~[h2-1.4.197.jar:1.4.197]
	at org.h2.jdbc.JdbcStatement.executeInternal(JdbcStatement.java:217) ~[h2-1.4.197.jar:1.4.197]
	at org.h2.jdbc.JdbcStatement.execute(JdbcStatement.java:205) ~[h2-1.4.197.jar:1.4.197]
	at com.zaxxer.hikari.pool.ProxyStatement.execute(ProxyStatement.java:95) ~[HikariCP-3.2.0.jar:na]
	at com.zaxxer.hikari.pool.HikariProxyStatement.execute(HikariProxyStatement.java) ~[HikariCP-3.2.0.jar:na]
	at org.hibernate.tool.schema.internal.exec.GenerationTargetToDatabase.accept(GenerationTargetToDatabase.java:54) ~[hibernate-core-5.3.7.Final.jar:5.3.7.Final]
	... 35 common frames omitted

2019-04-16 00:12:43.241  INFO 29992 --- [main] o.h.t.schema.internal.SchemaCreatorImpl  : HHH000476: Executing import script 'org.hibernate.tool.schema.internal.exec.ScriptSourceInputNonExistentImpl@15a8cebd'
2019-04-16 00:12:43.244  INFO 29992 --- [main] j.LocalContainerEntityManagerFactoryBean : Initialized JPA EntityManagerFactory for persistence unit 'default'
2019-04-16 00:12:43.984  WARN 29992 --- [main] aWebConfiguration$JpaWebMvcConfiguration : spring.jpa.open-in-view is enabled by default. Therefore, database queries may be performed during view rendering. Explicitly configure spring.jpa.open-in-view to disable this warning
2019-04-16 00:12:44.207  INFO 29992 --- [main] pertySourcedRequestMappingHandlerMapping : Mapped URL path [/v2/api-docs] onto method [public org.springframework.http.ResponseEntity<springfox.documentation.spring.web.json.Json> springfox.documentation.swagger2.web.Swagger2Controller.getDocumentation(java.lang.String,javax.servlet.http.HttpServletRequest)]
2019-04-16 00:12:44.416  INFO 29992 --- [main] o.s.s.concurrent.ThreadPoolTaskExecutor  : Initializing ExecutorService 'applicationTaskExecutor'
2019-04-16 00:12:44.620  INFO 29992 --- [main] d.s.w.p.DocumentationPluginsBootstrapper : Context refreshed
2019-04-16 00:12:44.642  INFO 29992 --- [main] d.s.w.p.DocumentationPluginsBootstrapper : Found 1 custom documentation plugin(s)
2019-04-16 00:12:44.695  INFO 29992 --- [main] s.d.s.w.s.ApiListingReferenceScanner     : Scanning for api listing references
2019-04-16 00:12:44.960  INFO 29992 --- [main] .d.s.w.r.o.CachingOperationNameGenerator : Generating unique operation named: getPessoaUsingGET_1
2019-04-16 00:12:45.012  INFO 29992 --- [main] o.s.b.w.embedded.tomcat.TomcatWebServer  : Tomcat started on port(s): 8081 (http) with context path '/poc-api'
2019-04-16 00:12:45.016  INFO 29992 --- [main] com.santana.pocapi.PocApiApplication     : Started PocApiApplication in 7.211 seconds (JVM running for 8.002)
2019-04-16 00:13:23.706  INFO 29992 --- [http-nio-8081-exec-1] o.a.c.c.C.[.[localhost].[/poc-api]       : Initializing Spring DispatcherServlet 'dispatcherServlet'
2019-04-16 00:13:23.706  INFO 29992 --- [http-nio-8081-exec-1] o.s.web.servlet.DispatcherServlet        : Initializing Servlet 'dispatcherServlet'
2019-04-16 00:13:23.716  INFO 29992 --- [http-nio-8081-exec-1] o.s.web.servlet.DispatcherServlet        : Completed initialization in 10 ms
2019-04-16 00:14:20.346  WARN 29992 --- [http-nio-8081-exec-2] .w.s.m.s.DefaultHandlerExceptionResolver : Resolved [org.springframework.http.converter.HttpMessageNotReadableException: JSON parse error: Unexpected character ('}' (code 125)): was expecting double-quote to start field name; nested exception is com.fasterxml.jackson.core.JsonParseException: Unexpected character ('}' (code 125)): was expecting double-quote to start field name
 at [Source: (PushbackInputStream); line: 4, column: 2]]
2019-04-16 00:19:09.784  INFO 29992 --- [Thread-17] o.s.s.concurrent.ThreadPoolTaskExecutor  : Shutting down ExecutorService 'applicationTaskExecutor'
2019-04-16 00:19:09.789  INFO 29992 --- [Thread-17] j.LocalContainerEntityManagerFactoryBean : Closing JPA EntityManagerFactory for persistence unit 'default'
2019-04-16 00:19:09.789  INFO 29992 --- [Thread-17] .SchemaDropperImpl$DelayedDropActionImpl : HHH000477: Starting delayed evictData of schema as part of SessionFactory shut-down'
2019-04-16 00:19:09.824  INFO 29992 --- [Thread-17] com.zaxxer.hikari.HikariDataSource       : HikariPool-1 - Shutdown initiated...
2019-04-16 00:19:09.830  INFO 29992 --- [Thread-17] com.zaxxer.hikari.HikariDataSource       : HikariPool-1 - Shutdown completed.
